d:\git_dev\utilityjy\utilityjy\x64\debug\vc140.pdb
d:\git_dev\utilityjy\utilityjy\x64\debug\utilityjy.obj
d:\git_dev\utilityjy\utilityjy\x64\debug\urlgeneratorjy.obj
d:\git_dev\utilityjy\utilityjy\x64\debug\main.obj
d:\git_dev\utilityjy\utilityjy\x64\debug\moc_utilityjy.obj
d:\git_dev\utilityjy\utilityjy\x64\debug\moc_urlgeneratorjy.obj
d:\git_dev\utilityjy\utilityjy\x64\debug\qrc_utilityjy.obj
d:\git_dev\utilityjy\utilityjy\x64\debug\moc_utilitymainjy.obj
d:\git_dev\utilityjy\utilityjy\x64\debug\utilitymainjy.obj
d:\git_dev\utilityjy\utilityjy\generatedfiles\ui_utilityjy.h
d:\git_dev\utilityjy\utilityjy\generatedfiles\debug\moc_urlgeneratorjy.cpp
d:\git_dev\utilityjy\utilityjy\generatedfiles\qrc_utilityjy.cpp
d:\git_dev\utilityjy\utilityjy\generatedfiles\debug\moc_utilitymainjy.cpp
d:\git_dev\utilityjy\x64\debug\utilityjy.ilk
d:\git_dev\utilityjy\x64\debug\utilityjy.exe
d:\git_dev\utilityjy\x64\debug\utilityjy.pdb
d:\git_dev\utilityjy\utilityjy\x64\debug\utilityjy.tlog\cl.command.1.tlog
d:\git_dev\utilityjy\utilityjy\x64\debug\utilityjy.tlog\cl.read.1.tlog
d:\git_dev\utilityjy\utilityjy\x64\debug\utilityjy.tlog\cl.write.1.tlog
d:\git_dev\utilityjy\utilityjy\x64\debug\utilityjy.tlog\custombuild.command.1.tlog
d:\git_dev\utilityjy\utilityjy\x64\debug\utilityjy.tlog\custombuild.read.1.tlog
d:\git_dev\utilityjy\utilityjy\x64\debug\utilityjy.tlog\custombuild.write.1.tlog
d:\git_dev\utilityjy\utilityjy\x64\debug\utilityjy.tlog\link.912-cvtres.read.1.tlog
d:\git_dev\utilityjy\utilityjy\x64\debug\utilityjy.tlog\link.912-cvtres.write.1.tlog
d:\git_dev\utilityjy\utilityjy\x64\debug\utilityjy.tlog\link.912-rc.read.1.tlog
d:\git_dev\utilityjy\utilityjy\x64\debug\utilityjy.tlog\link.912-rc.write.1.tlog
d:\git_dev\utilityjy\utilityjy\x64\debug\utilityjy.tlog\link.912.read.1.tlog
d:\git_dev\utilityjy\utilityjy\x64\debug\utilityjy.tlog\link.912.write.1.tlog
d:\git_dev\utilityjy\utilityjy\x64\debug\utilityjy.tlog\link.command.1.tlog
d:\git_dev\utilityjy\utilityjy\x64\debug\utilityjy.tlog\link.read.1.tlog
d:\git_dev\utilityjy\utilityjy\x64\debug\utilityjy.tlog\link.write.1.tlog
